Determining if the pthread_create exist failed with the following output:
Change Dir: /root/yaml-cpp/build/CMakeFiles/CMakeTmp

Run Build Command:"/usr/bin/make" "cmTryCompileExec1419036265/fast"
/usr/bin/make -f CMakeFiles/cmTryCompileExec1419036265.dir/build.make CMakeFiles/cmTryCompileExec1419036265.dir/build
make[1]: Entering directory '/root/yaml-cpp/build/CMakeFiles/CMakeTmp'
/usr/bin/cmake -E cmake_progress_report /root/yaml-cpp/build/CMakeFiles/CMakeTmp/CMakeFiles 1
Building C object CMakeFiles/cmTryCompileExec1419036265.dir/CheckSymbolExists.c.o
/usr/bin/cc    -o CMakeFiles/cmTryCompileExec1419036265.dir/CheckSymbolExists.c.o   -c /root/yaml-cpp/build/CMakeFiles/CMakeTmp/CheckSymbolExists.c
Linking C executable cmTryCompileExec1419036265
/usr/bin/cmake -E cmake_link_script CMakeFiles/cmTryCompileExec1419036265.dir/link.txt --verbose=1
/usr/bin/cc       CMakeFiles/cmTryCompileExec1419036265.dir/CheckSymbolExists.c.o  -o cmTryCompileExec1419036265 -rdynamic 
CMakeFiles/cmTryCompileExec1419036265.dir/CheckSymbolExists.c.o: In function `main':
CheckSymbolExists.c:(.text+0x16): undefined reference to `pthread_create'
collect2: error: ld returned 1 exit status
CMakeFiles/cmTryCompileExec1419036265.dir/build.make:88: recipe for target 'cmTryCompileExec1419036265' failed
make[1]: *** [cmTryCompileExec1419036265] Error 1
make[1]: Leaving directory '/root/yaml-cpp/build/CMakeFiles/CMakeTmp'
Makefile:117: recipe for target 'cmTryCompileExec1419036265/fast' failed
make: *** [cmTryCompileExec1419036265/fast] Error 2

File /root/yaml-cpp/build/CMakeFiles/CMakeTmp/CheckSymbolExists.c:
/* */
#include <pthread.h>

int main(int argc, char** argv)
{
  (void)argv;
#ifndef pthread_create
  return ((int*)(&pthread_create))[argc];
#else
  (void)argc;
  return 0;
#endif
}

Determining if the function pthread_create exists in the pthreads failed with the following output:
Change Dir: /root/yaml-cpp/build/CMakeFiles/CMakeTmp

Run Build Command:"/usr/bin/make" "cmTryCompileExec232936193/fast"
/usr/bin/make -f CMakeFiles/cmTryCompileExec232936193.dir/build.make CMakeFiles/cmTryCompileExec232936193.dir/build
make[1]: Entering directory '/root/yaml-cpp/build/CMakeFiles/CMakeTmp'
/usr/bin/cmake -E cmake_progress_report /root/yaml-cpp/build/CMakeFiles/CMakeTmp/CMakeFiles 1
Building C object CMakeFiles/cmTryCompileExec232936193.dir/CheckFunctionExists.c.o
/usr/bin/cc   -DCHECK_FUNCTION_EXISTS=pthread_create   -o CMakeFiles/cmTryCompileExec232936193.dir/CheckFunctionExists.c.o   -c /usr/share/cmake-3.2/Modules/CheckFunctionExists.c
Linking C executable cmTryCompileExec232936193
/usr/bin/cmake -E cmake_link_script CMakeFiles/cmTryCompileExec232936193.dir/link.txt --verbose=1
/usr/bin/cc   -DCHECK_FUNCTION_EXISTS=pthread_create    CMakeFiles/cmTryCompileExec232936193.dir/CheckFunctionExists.c.o  -o cmTryCompileExec232936193 -rdynamic -lpthreads 
/usr/bin/ld: cannot find -lpthreads
collect2: error: ld returned 1 exit status
CMakeFiles/cmTryCompileExec232936193.dir/build.make:88: recipe for target 'cmTryCompileExec232936193' failed
make[1]: *** [cmTryCompileExec232936193] Error 1
make[1]: Leaving directory '/root/yaml-cpp/build/CMakeFiles/CMakeTmp'
Makefile:117: recipe for target 'cmTryCompileExec232936193/fast' failed
make: *** [cmTryCompileExec232936193/fast] Error 2


